<?xml version="1.0" encoding="UTF-8"?><testsuite errors="1" failures="0" name="Register and Post in Izyacademy" skipped="0" tests="1" time="22.25" timestamp="2025-04-19 07:36:06"><testcase name="registro exitoso y publicación de post en izyacademy"><error message="Expected condition failed: waiting for alert to be present (tried for 10 second(s) with 500 milliseconds interval)&#10;Build info: version: '3.141.59', revision: 'e82be7d358', time: '2018-11-14T08:17:03'&#10;System info: host: 'DESKTOP-U16F4H9', ip: '169.254.72.23', os.name: 'Windows 10', os.arch: 'amd64', os.version: '10.0', java.version: '11.0.23'&#10;Driver info: net.thucydides.core.webdriver.WebDriverFacade" type="org.openqa.selenium.TimeoutException">Expected condition failed: waiting for alert to be present (tried for 10 second(s) with 500 milliseconds interval)
Build info: version: '3.141.59', revision: 'e82be7d358', time: '2018-11-14T08:17:03'
System info: host: 'DESKTOP-U16F4H9', ip: '169.254.72.23', os.name: 'Windows 10', os.arch: 'amd64', os.version: '10.0', java.version: '11.0.23'
Driver info: net.thucydides.core.webdriver.WebDriverFacade</error><system-err>Expected condition failed: waiting for alert to be present (tried for 10 second(s) with 500 milliseconds interval)
Build info: version: '3.141.59', revision: 'e82be7d358', time: '2018-11-14T08:17:03'
System info: host: 'DESKTOP-U16F4H9', ip: '169.254.72.23', os.name: 'Windows 10', os.arch: 'amd64', os.version: '10.0', java.version: '11.0.23'
Driver info: net.thucydides.core.webdriver.WebDriverFacade&#13;
com.co.izy.interactions.AcceptAlert.performAs(AcceptAlert.java:26)&#13;
com.co.izy.tasks.RegisterTask.performAs(RegisterTask.java:45)&#13;
com.co.izy.stepsdefinitions.RegisterStepDefinition.elUsuarioRealizaUnRegistroExitoso(RegisterStepDefinition.java:43)&#13;
cucumber.runner.Runner.runPickle(Runner.java:80)&#13;
worker.org.gradle.process.internal.worker.GradleWorkerMain.run(GradleWorkerMain.java:69)&#13;
worker.org.gradle.process.internal.worker.GradleWorkerMain.main(GradleWorkerMain.java:74)&#13;
</system-err></testcase></testsuite>